<?xml version="1.0" encoding="UTF-8" ?>
<testsuite tests="3" failures="1" name="TestSuite" time="125.855" errors="0" skipped="0">
  <properties>
    <property name="java.runtime.name" value="Java(TM) SE Runtime Environment"/>
    <property name="sun.boot.library.path" value="C:\Program Files\Java\jdk1.8.0_151\jre\bin"/>
    <property name="java.vm.version" value="25.151-b12"/>
    <property name="java.vm.vendor" value="Oracle Corporation"/>
    <property name="java.vendor.url" value="http://java.oracle.com/"/>
    <property name="path.separator" value=";"/>
    <property name="java.vm.name" value="Java HotSpot(TM) 64-Bit Server VM"/>
    <property name="file.encoding.pkg" value="sun.io"/>
    <property name="user.script" value=""/>
    <property name="user.country" value="CN"/>
    <property name="sun.java.launcher" value="SUN_STANDARD"/>
    <property name="sun.os.patch.level" value=""/>
    <property name="java.vm.specification.name" value="Java Virtual Machine Specification"/>
    <property name="user.dir" value="D:\haotest\JID\Discuz_test"/>
    <property name="java.runtime.version" value="1.8.0_151-b12"/>
    <property name="java.awt.graphicsenv" value="sun.awt.Win32GraphicsEnvironment"/>
    <property name="basedir" value="D:\haotest\JID\Discuz_test"/>
    <property name="java.endorsed.dirs" value="C:\Program Files\Java\jdk1.8.0_151\jre\lib\endorsed"/>
    <property name="os.arch" value="amd64"/>
    <property name="surefire.real.class.path" value="C:\Users\lenovo\AppData\Local\Temp\surefirebooter7010028860883084355.jar"/>
    <property name="java.io.tmpdir" value="C:\Users\lenovo\AppData\Local\Temp\"/>
    <property name="line.separator" value="
"/>
    <property name="java.vm.specification.vendor" value="Oracle Corporation"/>
    <property name="user.variant" value=""/>
    <property name="os.name" value="Windows 8.1"/>
    <property name="sun.jnu.encoding" value="GBK"/>
    <property name="jnidispatch.path" value="C:\Users\lenovo\AppData\Local\Temp\jna--1106355917\jna3619333685873727754.dll"/>
    <property name="java.library.path" value="C:\Program Files\Java\jdk1.8.0_151\jre\bin;C:\windows\Sun\Java\bin;C:\windows\system32;C:\windows;D:\SoftWare_down\maven-3.0.5\bin;C:\Program Files (x86)\Common Files\NetSarang;C:\Program Files\Java\jdk1.8.0_151\bin;C:\Program Files\MySQL\MySQL Utilities 1.6\;C:\windows\system32;C:\windows;C:\windows\system32\wbem;C:\Program Files (x86)\HP\LoadRunner\strawberry-perl\perl\bin;C:\Program Files (x86)\HP\NV\lib\thirdparty\safenet\LDK\7.0;C:\Program Files (x86)\HP\NV\lib\shunra\snv;F:\SoftWare\Git\cmd;C:\Users\lenovo\AppData\Local\Programs\Fiddler;."/>
    <property name="surefire.test.class.path" value="D:\haotest\JID\Discuz_test\target\test-classes;D:\haotest\JID\Discuz_test\target\classes;D:\selenium\userlib\org\seleniumhq\selenium\selenium-java\2.48.2\selenium-java-2.48.2.jar;D:\selenium\userlib\org\seleniumhq\selenium\selenium-chrome-driver\2.48.2\selenium-chrome-driver-2.48.2.jar;D:\selenium\userlib\org\seleniumhq\selenium\selenium-edge-driver\2.48.2\selenium-edge-driver-2.48.2.jar;D:\selenium\userlib\commons-io\commons-io\2.4\commons-io-2.4.jar;D:\selenium\userlib\org\seleniumhq\selenium\selenium-htmlunit-driver\2.48.2\selenium-htmlunit-driver-2.48.2.jar;D:\selenium\userlib\net\sourceforge\htmlunit\htmlunit\2.18\htmlunit-2.18.jar;D:\selenium\userlib\xalan\xalan\2.7.2\xalan-2.7.2.jar;D:\selenium\userlib\xalan\serializer\2.7.2\serializer-2.7.2.jar;D:\selenium\userlib\commons-collections\commons-collections\3.2.1\commons-collections-3.2.1.jar;D:\selenium\userlib\org\apache\commons\commons-lang3\3.4\commons-lang3-3.4.jar;D:\selenium\userlib\org\apache\httpcomponents\httpmime\4.5\httpmime-4.5.jar;D:\selenium\userlib\net\sourceforge\htmlunit\htmlunit-core-js\2.17\htmlunit-core-js-2.17.jar;D:\selenium\userlib\xerces\xercesImpl\2.11.0\xercesImpl-2.11.0.jar;D:\selenium\userlib\xml-apis\xml-apis\1.4.01\xml-apis-1.4.01.jar;D:\selenium\userlib\net\sourceforge\nekohtml\nekohtml\1.9.22\nekohtml-1.9.22.jar;D:\selenium\userlib\net\sourceforge\cssparser\cssparser\0.9.16\cssparser-0.9.16.jar;D:\selenium\userlib\org\w3c\css\sac\1.3\sac-1.3.jar;D:\selenium\userlib\org\eclipse\jetty\websocket\websocket-client\9.2.12.v20150709\websocket-client-9.2.12.v20150709.jar;D:\selenium\userlib\org\eclipse\jetty\jetty-util\9.2.12.v20150709\jetty-util-9.2.12.v20150709.jar;D:\selenium\userlib\org\eclipse\jetty\jetty-io\9.2.12.v20150709\jetty-io-9.2.12.v20150709.jar;D:\selenium\userlib\org\eclipse\jetty\websocket\websocket-common\9.2.12.v20150709\websocket-common-9.2.12.v20150709.jar;D:\selenium\userlib\org\eclipse\jetty\websocket\websocket-api\9.2.12.v20150709\websocket-api-9.2.12.v20150709.jar;D:\selenium\userlib\org\seleniumhq\selenium\selenium-ie-driver\2.48.2\selenium-ie-driver-2.48.2.jar;D:\selenium\userlib\org\seleniumhq\selenium\selenium-safari-driver\2.48.2\selenium-safari-driver-2.48.2.jar;D:\selenium\userlib\org\seleniumhq\selenium\selenium-support\2.48.2\selenium-support-2.48.2.jar;D:\selenium\userlib\org\webbitserver\webbit\0.4.14\webbit-0.4.14.jar;D:\selenium\userlib\io\netty\netty\3.5.2.Final\netty-3.5.2.Final.jar;D:\selenium\userlib\org\seleniumhq\selenium\selenium-leg-rc\2.48.2\selenium-leg-rc-2.48.2.jar;D:\selenium\userlib\org\seleniumhq\selenium\selenium-firefox-driver\3.5.1\selenium-firefox-driver-3.5.1.jar;D:\selenium\userlib\org\seleniumhq\selenium\selenium-api\3.5.1\selenium-api-3.5.1.jar;D:\selenium\userlib\org\seleniumhq\selenium\selenium-remote-driver\3.5.1\selenium-remote-driver-3.5.1.jar;D:\selenium\userlib\cglib\cglib-nodep\3.2.4\cglib-nodep-3.2.4.jar;D:\selenium\userlib\org\apache\commons\commons-exec\1.3\commons-exec-1.3.jar;D:\selenium\userlib\commons-codec\commons-codec\1.10\commons-codec-1.10.jar;D:\selenium\userlib\commons-logging\commons-logging\1.2\commons-logging-1.2.jar;D:\selenium\userlib\com\google\code\gson\gson\2.8.0\gson-2.8.0.jar;D:\selenium\userlib\com\google\guava\guava\23.0\guava-23.0.jar;D:\selenium\userlib\com\google\code\findbugs\jsr305\1.3.9\jsr305-1.3.9.jar;D:\selenium\userlib\com\google\errorprone\error_prone_annotations\2.0.18\error_prone_annotations-2.0.18.jar;D:\selenium\userlib\com\google\j2objc\j2objc-annotations\1.1\j2objc-annotations-1.1.jar;D:\selenium\userlib\org\codehaus\mojo\animal-sniffer-annotations\1.14\animal-sniffer-annotations-1.14.jar;D:\selenium\userlib\org\apache\httpcomponents\httpclient\4.5.3\httpclient-4.5.3.jar;D:\selenium\userlib\org\apache\httpcomponents\httpcore\4.4.6\httpcore-4.4.6.jar;D:\selenium\userlib\net\java\dev\jna\jna\4.1.0\jna-4.1.0.jar;D:\selenium\userlib\net\java\dev\jna\jna-platform\4.1.0\jna-platform-4.1.0.jar;D:\selenium\userlib\log4j\log4j\1.2.17\log4j-1.2.17.jar;D:\selenium\userlib\org\testng\testng\6.9.10\testng-6.9.10.jar;D:\selenium\userlib\com\beust\jcommander\1.48\jcommander-1.48.jar;D:\selenium\userlib\org\beanshell\bsh\2.0b4\bsh-2.0b4.jar;"/>
    <property name="java.specification.name" value="Java Platform API Specification"/>
    <property name="java.class.version" value="52.0"/>
    <property name="sun.management.compiler" value="HotSpot 64-Bit Tiered Compilers"/>
    <property name="os.version" value="6.3"/>
    <property name="user.home" value="C:\Users\lenovo"/>
    <property name="user.timezone" value="Asia/Shanghai"/>
    <property name="java.awt.printerjob" value="sun.awt.windows.WPrinterJob"/>
    <property name="java.specification.version" value="1.8"/>
    <property name="file.encoding" value="GBK"/>
    <property name="user.name" value="lenovo"/>
    <property name="java.class.path" value="D:\haotest\JID\Discuz_test\target\test-classes;D:\haotest\JID\Discuz_test\target\classes;D:\selenium\userlib\org\seleniumhq\selenium\selenium-java\2.48.2\selenium-java-2.48.2.jar;D:\selenium\userlib\org\seleniumhq\selenium\selenium-chrome-driver\2.48.2\selenium-chrome-driver-2.48.2.jar;D:\selenium\userlib\org\seleniumhq\selenium\selenium-edge-driver\2.48.2\selenium-edge-driver-2.48.2.jar;D:\selenium\userlib\commons-io\commons-io\2.4\commons-io-2.4.jar;D:\selenium\userlib\org\seleniumhq\selenium\selenium-htmlunit-driver\2.48.2\selenium-htmlunit-driver-2.48.2.jar;D:\selenium\userlib\net\sourceforge\htmlunit\htmlunit\2.18\htmlunit-2.18.jar;D:\selenium\userlib\xalan\xalan\2.7.2\xalan-2.7.2.jar;D:\selenium\userlib\xalan\serializer\2.7.2\serializer-2.7.2.jar;D:\selenium\userlib\commons-collections\commons-collections\3.2.1\commons-collections-3.2.1.jar;D:\selenium\userlib\org\apache\commons\commons-lang3\3.4\commons-lang3-3.4.jar;D:\selenium\userlib\org\apache\httpcomponents\httpmime\4.5\httpmime-4.5.jar;D:\selenium\userlib\net\sourceforge\htmlunit\htmlunit-core-js\2.17\htmlunit-core-js-2.17.jar;D:\selenium\userlib\xerces\xercesImpl\2.11.0\xercesImpl-2.11.0.jar;D:\selenium\userlib\xml-apis\xml-apis\1.4.01\xml-apis-1.4.01.jar;D:\selenium\userlib\net\sourceforge\nekohtml\nekohtml\1.9.22\nekohtml-1.9.22.jar;D:\selenium\userlib\net\sourceforge\cssparser\cssparser\0.9.16\cssparser-0.9.16.jar;D:\selenium\userlib\org\w3c\css\sac\1.3\sac-1.3.jar;D:\selenium\userlib\org\eclipse\jetty\websocket\websocket-client\9.2.12.v20150709\websocket-client-9.2.12.v20150709.jar;D:\selenium\userlib\org\eclipse\jetty\jetty-util\9.2.12.v20150709\jetty-util-9.2.12.v20150709.jar;D:\selenium\userlib\org\eclipse\jetty\jetty-io\9.2.12.v20150709\jetty-io-9.2.12.v20150709.jar;D:\selenium\userlib\org\eclipse\jetty\websocket\websocket-common\9.2.12.v20150709\websocket-common-9.2.12.v20150709.jar;D:\selenium\userlib\org\eclipse\jetty\websocket\websocket-api\9.2.12.v20150709\websocket-api-9.2.12.v20150709.jar;D:\selenium\userlib\org\seleniumhq\selenium\selenium-ie-driver\2.48.2\selenium-ie-driver-2.48.2.jar;D:\selenium\userlib\org\seleniumhq\selenium\selenium-safari-driver\2.48.2\selenium-safari-driver-2.48.2.jar;D:\selenium\userlib\org\seleniumhq\selenium\selenium-support\2.48.2\selenium-support-2.48.2.jar;D:\selenium\userlib\org\webbitserver\webbit\0.4.14\webbit-0.4.14.jar;D:\selenium\userlib\io\netty\netty\3.5.2.Final\netty-3.5.2.Final.jar;D:\selenium\userlib\org\seleniumhq\selenium\selenium-leg-rc\2.48.2\selenium-leg-rc-2.48.2.jar;D:\selenium\userlib\org\seleniumhq\selenium\selenium-firefox-driver\3.5.1\selenium-firefox-driver-3.5.1.jar;D:\selenium\userlib\org\seleniumhq\selenium\selenium-api\3.5.1\selenium-api-3.5.1.jar;D:\selenium\userlib\org\seleniumhq\selenium\selenium-remote-driver\3.5.1\selenium-remote-driver-3.5.1.jar;D:\selenium\userlib\cglib\cglib-nodep\3.2.4\cglib-nodep-3.2.4.jar;D:\selenium\userlib\org\apache\commons\commons-exec\1.3\commons-exec-1.3.jar;D:\selenium\userlib\commons-codec\commons-codec\1.10\commons-codec-1.10.jar;D:\selenium\userlib\commons-logging\commons-logging\1.2\commons-logging-1.2.jar;D:\selenium\userlib\com\google\code\gson\gson\2.8.0\gson-2.8.0.jar;D:\selenium\userlib\com\google\guava\guava\23.0\guava-23.0.jar;D:\selenium\userlib\com\google\code\findbugs\jsr305\1.3.9\jsr305-1.3.9.jar;D:\selenium\userlib\com\google\errorprone\error_prone_annotations\2.0.18\error_prone_annotations-2.0.18.jar;D:\selenium\userlib\com\google\j2objc\j2objc-annotations\1.1\j2objc-annotations-1.1.jar;D:\selenium\userlib\org\codehaus\mojo\animal-sniffer-annotations\1.14\animal-sniffer-annotations-1.14.jar;D:\selenium\userlib\org\apache\httpcomponents\httpclient\4.5.3\httpclient-4.5.3.jar;D:\selenium\userlib\org\apache\httpcomponents\httpcore\4.4.6\httpcore-4.4.6.jar;D:\selenium\userlib\net\java\dev\jna\jna\4.1.0\jna-4.1.0.jar;D:\selenium\userlib\net\java\dev\jna\jna-platform\4.1.0\jna-platform-4.1.0.jar;D:\selenium\userlib\log4j\log4j\1.2.17\log4j-1.2.17.jar;D:\selenium\userlib\org\testng\testng\6.9.10\testng-6.9.10.jar;D:\selenium\userlib\com\beust\jcommander\1.48\jcommander-1.48.jar;D:\selenium\userlib\org\beanshell\bsh\2.0b4\bsh-2.0b4.jar;"/>
    <property name="java.vm.specification.version" value="1.8"/>
    <property name="sun.arch.data.model" value="64"/>
    <property name="java.home" value="C:\Program Files\Java\jdk1.8.0_151\jre"/>
    <property name="sun.java.command" value="C:\Users\lenovo\AppData\Local\Temp\surefirebooter7010028860883084355.jar C:\Users\lenovo\AppData\Local\Temp\surefire5340863905749548850tmp C:\Users\lenovo\AppData\Local\Temp\surefire6571686848559365789tmp"/>
    <property name="java.specification.vendor" value="Oracle Corporation"/>
    <property name="user.language" value="zh"/>
    <property name="awt.toolkit" value="sun.awt.windows.WToolkit"/>
    <property name="java.vm.info" value="mixed mode"/>
    <property name="java.version" value="1.8.0_151"/>
    <property name="java.ext.dirs" value="C:\Program Files\Java\jdk1.8.0_151\jre\lib\ext;C:\windows\Sun\Java\lib\ext"/>
    <property name="sun.boot.class.path" value="C:\Program Files\Java\jdk1.8.0_151\jre\lib\resources.jar;C:\Program Files\Java\jdk1.8.0_151\jre\lib\rt.jar;C:\Program Files\Java\jdk1.8.0_151\jre\lib\sunrsasign.jar;C:\Program Files\Java\jdk1.8.0_151\jre\lib\jsse.jar;C:\Program Files\Java\jdk1.8.0_151\jre\lib\jce.jar;C:\Program Files\Java\jdk1.8.0_151\jre\lib\charsets.jar;C:\Program Files\Java\jdk1.8.0_151\jre\lib\jfr.jar;C:\Program Files\Java\jdk1.8.0_151\jre\classes"/>
    <property name="webdriver.chrome.driver" value="./chromedriver.exe"/>
    <property name="java.vendor" value="Oracle Corporation"/>
    <property name="localRepository" value="D:\selenium\userlib"/>
    <property name="file.separator" value="\"/>
    <property name="java.vendor.url.bug" value="http://bugreport.sun.com/bugreport/"/>
    <property name="sun.cpu.endian" value="little"/>
    <property name="sun.io.unicode.encoding" value="UnicodeLittle"/>
    <property name="sun.desktop" value="windows"/>
    <property name="sun.cpu.isalist" value="amd64"/>
  </properties>
  <testcase classname="testCase.LoginTestCase" name="login" time="3.074"/>
  <testcase classname="testCase.SendTie" name="sendTie" time="3.08">
    <failure message="stale element reference: element is not attached to the page document
  (Session info: chrome=66.0.3359.117)
  (Driver info: chromedriver=2.38.552522 (437e6fbedfa8762dec75e2c5b3ddb86763dc9dcb),platform=Windows NT 6.3.9600 x86_64) (WARNING: The server did not provide any stacktrace information)
Command duration or timeout: 0 milliseconds
For documentation on this error, please visit: http://seleniumhq.org/exceptions/stale_element_reference.html
Build info: version: &apos;3.5.1&apos;, revision: &apos;9c21bb67ef&apos;, time: &apos;2017-08-17T15:26:08.955Z&apos;
System info: host: &apos;LENOVO-PC&apos;, ip: &apos;192.168.56.1&apos;, os.name: &apos;Windows 8.1&apos;, os.arch: &apos;amd64&apos;, os.version: &apos;6.3&apos;, java.version: &apos;1.8.0_151&apos;
Driver info: org.openqa.selenium.chrome.ChromeDriver
Capabilities [{mobileEmulationEnabled=false, hasTouchScreen=false, platform=WIN8_1, acceptSslCerts=false, acceptInsecureCerts=false, webStorageEnabled=true, browserName=chrome, takesScreenshot=true, javascriptEnabled=true, setWindowRect=true, unexpectedAlertBehaviour=, applicationCacheEnabled=false, rotatable=false, networkConnectionEnabled=false, chrome={chromedriverVersion=2.38.552522 (437e6fbedfa8762dec75e2c5b3ddb86763dc9dcb), userDataDir=C:\Users\lenovo\AppData\Local\Temp\scoped_dir14808_15674}, takesHeapSnapshot=true, pageLoadStrategy=normal, unhandledPromptBehavior=, databaseEnabled=false, handlesAlerts=true, version=66.0.3359.117, browserConnectionEnabled=false, nativeEvents=true, locationContextEnabled=true, cssSelectorsEnabled=true}]
Session ID: c37a146fe0aa36e2a2974358cf7c7216" type="org.openqa.selenium.StaleElementReferenceException">org.openqa.selenium.StaleElementReferenceException: stale element reference: element is not attached to the page document
  (Session info: chrome=66.0.3359.117)
  (Driver info: chromedriver=2.38.552522 (437e6fbedfa8762dec75e2c5b3ddb86763dc9dcb),platform=Windows NT 6.3.9600 x86_64) (WARNING: The server did not provide any stacktrace information)
Command duration or timeout: 0 milliseconds
For documentation on this error, please visit: http://seleniumhq.org/exceptions/stale_element_reference.html
Build info: version: &apos;3.5.1&apos;, revision: &apos;9c21bb67ef&apos;, time: &apos;2017-08-17T15:26:08.955Z&apos;
System info: host: &apos;LENOVO-PC&apos;, ip: &apos;192.168.56.1&apos;, os.name: &apos;Windows 8.1&apos;, os.arch: &apos;amd64&apos;, os.version: &apos;6.3&apos;, java.version: &apos;1.8.0_151&apos;
Driver info: org.openqa.selenium.chrome.ChromeDriver
Capabilities [{mobileEmulationEnabled=false, hasTouchScreen=false, platform=WIN8_1, acceptSslCerts=false, acceptInsecureCerts=false, webStorageEnabled=true, browserName=chrome, takesScreenshot=true, javascriptEnabled=true, setWindowRect=true, unexpectedAlertBehaviour=, applicationCacheEnabled=false, rotatable=false, networkConnectionEnabled=false, chrome={chromedriverVersion=2.38.552522 (437e6fbedfa8762dec75e2c5b3ddb86763dc9dcb), userDataDir=C:\Users\lenovo\AppData\Local\Temp\scoped_dir14808_15674}, takesHeapSnapshot=true, pageLoadStrategy=normal, unhandledPromptBehavior=, databaseEnabled=false, handlesAlerts=true, version=66.0.3359.117, browserConnectionEnabled=false, nativeEvents=true, locationContextEnabled=true, cssSelectorsEnabled=true}]
Session ID: c37a146fe0aa36e2a2974358cf7c7216
	at sun.reflect.NativeConstructorAccessorImpl.newInstance0(Native Method)
	at sun.reflect.NativeConstructorAccessorImpl.newInstance(NativeConstructorAccessorImpl.java:62)
	at sun.reflect.DelegatingConstructorAccessorImpl.newInstance(DelegatingConstructorAccessorImpl.java:45)
	at java.lang.reflect.Constructor.newInstance(Constructor.java:423)
	at org.openqa.selenium.remote.ErrorHandler.createThrowable(ErrorHandler.java:215)
	at org.openqa.selenium.remote.ErrorHandler.throwIfResponseFailed(ErrorHandler.java:167)
	at org.openqa.selenium.remote.http.JsonHttpResponseCodec.reconstructValue(JsonHttpResponseCodec.java:40)
	at org.openqa.selenium.remote.http.AbstractHttpResponseCodec.decode(AbstractHttpResponseCodec.java:82)
	at org.openqa.selenium.remote.http.AbstractHttpResponseCodec.decode(AbstractHttpResponseCodec.java:45)
	at org.openqa.selenium.remote.HttpCommandExecutor.execute(HttpCommandExecutor.java:164)
	at org.openqa.selenium.remote.service.DriverCommandExecutor.execute(DriverCommandExecutor.java:82)
	at org.openqa.selenium.remote.RemoteWebDriver.execute(RemoteWebDriver.java:641)
	at org.openqa.selenium.remote.RemoteWebElement.execute(RemoteWebElement.java:275)
	at org.openqa.selenium.remote.RemoteWebElement.click(RemoteWebElement.java:82)
	at util.SeleniumUtil.click(SeleniumUtil.java:107)
	at pageHelper.HelperLoginIndexPage.morenLink(HelperLoginIndexPage.java:15)
	at testCase.SendTie.sendTie(SendTie.java:14)
</failure>
  </testcase>
  <testcase classname="testCase.HuifuTie" name="huifuTie" time="18.891"/>
</testsuite>